#-----------------------------------------------------------
# Vivado v2016.4 (64-bit)
# SW Build 1756540 on Mon Jan 23 19:11:23 MST 2017
# IP Build 1755317 on Mon Jan 23 20:30:07 MST 2017
# Start of session at: Wed May 17 14:00:49 2017
# Process ID: 9252
# Current directory: F:/University/UTCluj/An3/Semestrul2/SSC/Proiect/FloatingNumberAdder
# Command line: vivado.exe -gui_launcher_event rodinguilauncherevent9148 F:\University\UTCluj\An3\Semestrul2\SSC\Proiect\FloatingNumberAdder\FloatingNumberAdder.xpr
# Log file: F:/University/UTCluj/An3/Semestrul2/SSC/Proiect/FloatingNumberAdder/vivado.log
# Journal file: F:/University/UTCluj/An3/Semestrul2/SSC/Proiect/FloatingNumberAdder\vivado.jou
#-----------------------------------------------------------
start_gui
open_project F:/University/UTCluj/An3/Semestrul2/SSC/Proiect/FloatingNumberAdder/FloatingNumberAdder.xpr
Scanning sources...
Finished scanning sources
INFO: [IP_Flow 19-234] Refreshing IP repositories
INFO: [IP_Flow 19-1704] No user IP repositories specified
INFO: [IP_Flow 19-2313] Loaded Vivado IP repository 'F:/Install/Xilinx/Vivado/2016.4/data/ip'.
open_project: Time (s): cpu = 00:00:11 ; elapsed = 00:00:17 . Memory (MB): peak = 701.832 ; gain = 98.297
open_hw
connect_hw_server
INFO: [Labtools 27-2285] Connecting to hw_server url TCP:localhost:3121
INFO: [Labtools 27-2222] Launching hw_server...
INFO: [Labtools 27-2221] Launch Output:

****** Xilinx hw_server v2016.4
  **** Build date : Jan 23 2017-19:37:29
    ** Copyright 1986-2016 Xilinx, Inc. All Rights Reserved.


open_hw_target
INFO: [Labtoolstcl 44-466] Opening hw_target localhost:3121/xilinx_tcf/Digilent/210292696630A
set_property PROGRAM.FILE {F:/University/UTCluj/An3/Semestrul2/SSC/Proiect/FloatingNumberAdder/FloatingNumberAdder.runs/impl_1/main.bit} [lindex [get_hw_devices xc7a100t_0] 0]
current_hw_device [lindex [get_hw_devices xc7a100t_0] 0]
refresh_hw_device -update_hw_probes false [lindex [get_hw_devices xc7a100t_0] 0]
INFO: [Labtools 27-1434] Device xc7a100t (JTAG device index = 0) is programmed with a design that has no supported debug core(s) in it.
WARNING: [Labtools 27-3123] The debug hub core was not detected at User Scan Chain 1 or 3.
Resolution: 
1. Make sure the clock connected to the debug hub (dbg_hub) core is a free running clock and is active OR
2. Manually launch hw_server with -e "set xsdb-user-bscan <C_USER_SCAN_CHAIN scan_chain_number>" to detect the debug hub at User Scan Chain of 2 or 4. To determine the user scan chain setting, open the implemented design and use: get_property C_USER_SCAN_CHAIN [get_debug_cores dbg_hub].
set_property PROBES.FILE {} [lindex [get_hw_devices xc7a100t_0] 0]
set_property PROGRAM.FILE {F:/University/UTCluj/An3/Semestrul2/SSC/Proiect/FloatingNumberAdder/FloatingNumberAdder.runs/impl_1/main.bit} [lindex [get_hw_devices xc7a100t_0] 0]
program_hw_devices [lindex [get_hw_devices xc7a100t_0] 0]
INFO: [Labtools 27-3164] End of startup status: HIGH
refresh_hw_device [lindex [get_hw_devices xc7a100t_0] 0]
INFO: [Labtools 27-1434] Device xc7a100t (JTAG device index = 0) is programmed with a design that has no supported debug core(s) in it.
WARNING: [Labtools 27-3123] The debug hub core was not detected at User Scan Chain 1 or 3.
Resolution: 
1. Make sure the clock connected to the debug hub (dbg_hub) core is a free running clock and is active OR
2. Manually launch hw_server with -e "set xsdb-user-bscan <C_USER_SCAN_CHAIN scan_chain_number>" to detect the debug hub at User Scan Chain of 2 or 4. To determine the user scan chain setting, open the implemented design and use: get_property C_USER_SCAN_CHAIN [get_debug_cores dbg_hub].
WARNING: [Labtoolstcl 44-130] No matching hw_ilas were found.
WARNING: [Labtoolstcl 44-130] No matching hw_ilas were found.
WARNING: [Labtoolstcl 44-130] No matching hw_ilas were found.
WARNING: [Labtoolstcl 44-130] No matching hw_ilas were found.
set_property PROBES.FILE {} [lindex [get_hw_devices xc7a100t_0] 0]
set_property PROGRAM.FILE {F:/University/UTCluj/An3/Semestrul2/SSC/Proiect/FloatingNumberAdder/FloatingNumberAdder.runs/impl_1/main.bit} [lindex [get_hw_devices xc7a100t_0] 0]
program_hw_devices [lindex [get_hw_devices xc7a100t_0] 0]
INFO: [Labtools 27-3164] End of startup status: HIGH
refresh_hw_device [lindex [get_hw_devices xc7a100t_0] 0]
INFO: [Labtools 27-1434] Device xc7a100t (JTAG device index = 0) is programmed with a design that has no supported debug core(s) in it.
WARNING: [Labtools 27-3123] The debug hub core was not detected at User Scan Chain 1 or 3.
Resolution: 
1. Make sure the clock connected to the debug hub (dbg_hub) core is a free running clock and is active OR
2. Manually launch hw_server with -e "set xsdb-user-bscan <C_USER_SCAN_CHAIN scan_chain_number>" to detect the debug hub at User Scan Chain of 2 or 4. To determine the user scan chain setting, open the implemented design and use: get_property C_USER_SCAN_CHAIN [get_debug_cores dbg_hub].
WARNING: [Labtoolstcl 44-130] No matching hw_ilas were found.
WARNING: [Labtoolstcl 44-130] No matching hw_ilas were found.
WARNING: [Labtoolstcl 44-130] No matching hw_ilas were found.
WARNING: [Labtoolstcl 44-130] No matching hw_ilas were found.
ERROR: [Labtools 27-2269] No devices detected on target localhost:3121/xilinx_tcf/Digilent/210292696630A.
Check cable connectivity and that the target board is powered up then
use the disconnect_hw_server and connect_hw_server to re-register this hardware target.
INFO: [Labtools 27-1435] Device xc7a100t (JTAG device index = 0) is not programmed (DONE status = 0).
set_property PROBES.FILE {} [lindex [get_hw_devices xc7a100t_0] 0]
set_property PROGRAM.FILE {F:/University/UTCluj/An3/Semestrul2/SSC/Proiect/FloatingNumberAdder/FloatingNumberAdder.runs/impl_1/main.bit} [lindex [get_hw_devices xc7a100t_0] 0]
program_hw_devices [lindex [get_hw_devices xc7a100t_0] 0]
INFO: [Labtools 27-3164] End of startup status: HIGH
refresh_hw_device [lindex [get_hw_devices xc7a100t_0] 0]
INFO: [Labtools 27-1434] Device xc7a100t (JTAG device index = 0) is programmed with a design that has no supported debug core(s) in it.
WARNING: [Labtools 27-3123] The debug hub core was not detected at User Scan Chain 1 or 3.
Resolution: 
1. Make sure the clock connected to the debug hub (dbg_hub) core is a free running clock and is active OR
2. Manually launch hw_server with -e "set xsdb-user-bscan <C_USER_SCAN_CHAIN scan_chain_number>" to detect the debug hub at User Scan Chain of 2 or 4. To determine the user scan chain setting, open the implemented design and use: get_property C_USER_SCAN_CHAIN [get_debug_cores dbg_hub].
WARNING: [Labtoolstcl 44-130] No matching hw_ilas were found.
WARNING: [Labtoolstcl 44-130] No matching hw_ilas were found.
WARNING: [Labtoolstcl 44-130] No matching hw_ilas were found.
WARNING: [Labtoolstcl 44-130] No matching hw_ilas were found.
ERROR: [Labtools 27-2269] No devices detected on target localhost:3121/xilinx_tcf/Digilent/210292696630A.
Check cable connectivity and that the target board is powered up then
use the disconnect_hw_server and connect_hw_server to re-register this hardware target.
reset_run synth_1
launch_runs synth_1 -jobs 4
INFO: [HDL 9-1061] Parsing VHDL file "F:/University/UTCluj/An3/Semestrul2/SSC/Proiect/FloatingNumberAdder/FloatingNumberAdder.srcs/sources_1/new/main.vhd" into library xil_defaultlib [F:/University/UTCluj/An3/Semestrul2/SSC/Proiect/FloatingNumberAdder/FloatingNumberAdder.srcs/sources_1/new/main.vhd:1]
[Wed May 17 14:16:10 2017] Launched synth_1...
Run output will be captured here: F:/University/UTCluj/An3/Semestrul2/SSC/Proiect/FloatingNumberAdder/FloatingNumberAdder.runs/synth_1/runme.log
launch_runs impl_1 -jobs 4
[Wed May 17 14:17:13 2017] Launched impl_1...
Run output will be captured here: F:/University/UTCluj/An3/Semestrul2/SSC/Proiect/FloatingNumberAdder/FloatingNumberAdder.runs/impl_1/runme.log
launch_runs impl_1 -to_step write_bitstream -jobs 4
[Wed May 17 14:18:32 2017] Launched impl_1...
Run output will be captured here: F:/University/UTCluj/An3/Semestrul2/SSC/Proiect/FloatingNumberAdder/FloatingNumberAdder.runs/impl_1/runme.log
INFO: [Labtools 27-1435] Device xc7a100t (JTAG device index = 0) is not programmed (DONE status = 0).
set_property PROBES.FILE {} [lindex [get_hw_devices xc7a100t_0] 0]
set_property PROGRAM.FILE {F:/University/UTCluj/An3/Semestrul2/SSC/Proiect/FloatingNumberAdder/FloatingNumberAdder.runs/impl_1/main.bit} [lindex [get_hw_devices xc7a100t_0] 0]
program_hw_devices [lindex [get_hw_devices xc7a100t_0] 0]
INFO: [Labtools 27-3164] End of startup status: HIGH
refresh_hw_device [lindex [get_hw_devices xc7a100t_0] 0]
INFO: [Labtools 27-1434] Device xc7a100t (JTAG device index = 0) is programmed with a design that has no supported debug core(s) in it.
WARNING: [Labtools 27-3123] The debug hub core was not detected at User Scan Chain 1 or 3.
Resolution: 
1. Make sure the clock connected to the debug hub (dbg_hub) core is a free running clock and is active OR
2. Manually launch hw_server with -e "set xsdb-user-bscan <C_USER_SCAN_CHAIN scan_chain_number>" to detect the debug hub at User Scan Chain of 2 or 4. To determine the user scan chain setting, open the implemented design and use: get_property C_USER_SCAN_CHAIN [get_debug_cores dbg_hub].
WARNING: [Labtoolstcl 44-130] No matching hw_ilas were found.
WARNING: [Labtoolstcl 44-130] No matching hw_ilas were found.
WARNING: [Labtoolstcl 44-130] No matching hw_ilas were found.
WARNING: [Labtoolstcl 44-130] No matching hw_ilas were found.
reset_run synth_1
launch_runs synth_1 -jobs 4
INFO: [HDL 9-1061] Parsing VHDL file "F:/University/UTCluj/An3/Semestrul2/SSC/Proiect/FloatingNumberAdder/FloatingNumberAdder.srcs/sources_1/new/main.vhd" into library xil_defaultlib [F:/University/UTCluj/An3/Semestrul2/SSC/Proiect/FloatingNumberAdder/FloatingNumberAdder.srcs/sources_1/new/main.vhd:1]
[Wed May 17 14:21:35 2017] Launched synth_1...
Run output will be captured here: F:/University/UTCluj/An3/Semestrul2/SSC/Proiect/FloatingNumberAdder/FloatingNumberAdder.runs/synth_1/runme.log
ERROR: [Labtools 27-2269] No devices detected on target localhost:3121/xilinx_tcf/Digilent/210292696630A.
Check cable connectivity and that the target board is powered up then
use the disconnect_hw_server and connect_hw_server to re-register this hardware target.
launch_runs impl_1 -jobs 4
[Wed May 17 14:22:33 2017] Launched impl_1...
Run output will be captured here: F:/University/UTCluj/An3/Semestrul2/SSC/Proiect/FloatingNumberAdder/FloatingNumberAdder.runs/impl_1/runme.log
launch_runs impl_1 -to_step write_bitstream -jobs 4
[Wed May 17 14:23:45 2017] Launched impl_1...
Run output will be captured here: F:/University/UTCluj/An3/Semestrul2/SSC/Proiect/FloatingNumberAdder/FloatingNumberAdder.runs/impl_1/runme.log
INFO: [Labtools 27-1435] Device xc7a100t (JTAG device index = 0) is not programmed (DONE status = 0).
set_property PROBES.FILE {} [lindex [get_hw_devices xc7a100t_0] 0]
set_property PROGRAM.FILE {F:/University/UTCluj/An3/Semestrul2/SSC/Proiect/FloatingNumberAdder/FloatingNumberAdder.runs/impl_1/main.bit} [lindex [get_hw_devices xc7a100t_0] 0]
program_hw_devices [lindex [get_hw_devices xc7a100t_0] 0]
INFO: [Labtools 27-3164] End of startup status: HIGH
refresh_hw_device [lindex [get_hw_devices xc7a100t_0] 0]
INFO: [Labtools 27-1434] Device xc7a100t (JTAG device index = 0) is programmed with a design that has no supported debug core(s) in it.
WARNING: [Labtools 27-3123] The debug hub core was not detected at User Scan Chain 1 or 3.
Resolution: 
1. Make sure the clock connected to the debug hub (dbg_hub) core is a free running clock and is active OR
2. Manually launch hw_server with -e "set xsdb-user-bscan <C_USER_SCAN_CHAIN scan_chain_number>" to detect the debug hub at User Scan Chain of 2 or 4. To determine the user scan chain setting, open the implemented design and use: get_property C_USER_SCAN_CHAIN [get_debug_cores dbg_hub].
WARNING: [Labtoolstcl 44-130] No matching hw_ilas were found.
WARNING: [Labtoolstcl 44-130] No matching hw_ilas were found.
WARNING: [Labtoolstcl 44-130] No matching hw_ilas were found.
WARNING: [Labtoolstcl 44-130] No matching hw_ilas were found.
reset_run synth_1
launch_runs synth_1 -jobs 4
INFO: [HDL 9-1061] Parsing VHDL file "F:/University/UTCluj/An3/Semestrul2/SSC/Proiect/FloatingNumberAdder/FloatingNumberAdder.srcs/sources_1/new/main.vhd" into library xil_defaultlib [F:/University/UTCluj/An3/Semestrul2/SSC/Proiect/FloatingNumberAdder/FloatingNumberAdder.srcs/sources_1/new/main.vhd:1]
[Wed May 17 14:26:50 2017] Launched synth_1...
Run output will be captured here: F:/University/UTCluj/An3/Semestrul2/SSC/Proiect/FloatingNumberAdder/FloatingNumberAdder.runs/synth_1/runme.log
launch_runs impl_1 -jobs 4
[Wed May 17 14:27:45 2017] Launched impl_1...
Run output will be captured here: F:/University/UTCluj/An3/Semestrul2/SSC/Proiect/FloatingNumberAdder/FloatingNumberAdder.runs/impl_1/runme.log
ERROR: [Labtools 27-2269] No devices detected on target localhost:3121/xilinx_tcf/Digilent/210292696630A.
Check cable connectivity and that the target board is powered up then
use the disconnect_hw_server and connect_hw_server to re-register this hardware target.
launch_runs impl_1 -to_step write_bitstream -jobs 4
[Wed May 17 14:29:02 2017] Launched impl_1...
Run output will be captured here: F:/University/UTCluj/An3/Semestrul2/SSC/Proiect/FloatingNumberAdder/FloatingNumberAdder.runs/impl_1/runme.log
INFO: [Labtools 27-1435] Device xc7a100t (JTAG device index = 0) is not programmed (DONE status = 0).
set_property PROBES.FILE {} [lindex [get_hw_devices xc7a100t_0] 0]
set_property PROGRAM.FILE {F:/University/UTCluj/An3/Semestrul2/SSC/Proiect/FloatingNumberAdder/FloatingNumberAdder.runs/impl_1/main.bit} [lindex [get_hw_devices xc7a100t_0] 0]
program_hw_devices [lindex [get_hw_devices xc7a100t_0] 0]
INFO: [Labtools 27-3164] End of startup status: HIGH
refresh_hw_device [lindex [get_hw_devices xc7a100t_0] 0]
INFO: [Labtools 27-1434] Device xc7a100t (JTAG device index = 0) is programmed with a design that has no supported debug core(s) in it.
WARNING: [Labtools 27-3123] The debug hub core was not detected at User Scan Chain 1 or 3.
Resolution: 
1. Make sure the clock connected to the debug hub (dbg_hub) core is a free running clock and is active OR
2. Manually launch hw_server with -e "set xsdb-user-bscan <C_USER_SCAN_CHAIN scan_chain_number>" to detect the debug hub at User Scan Chain of 2 or 4. To determine the user scan chain setting, open the implemented design and use: get_property C_USER_SCAN_CHAIN [get_debug_cores dbg_hub].
WARNING: [Labtoolstcl 44-130] No matching hw_ilas were found.
WARNING: [Labtoolstcl 44-130] No matching hw_ilas were found.
WARNING: [Labtoolstcl 44-130] No matching hw_ilas were found.
WARNING: [Labtoolstcl 44-130] No matching hw_ilas were found.
reset_run synth_1
launch_runs synth_1 -jobs 4
INFO: [HDL 9-1061] Parsing VHDL file "F:/University/UTCluj/An3/Semestrul2/SSC/Proiect/FloatingNumberAdder/FloatingNumberAdder.srcs/sources_1/new/main.vhd" into library xil_defaultlib [F:/University/UTCluj/An3/Semestrul2/SSC/Proiect/FloatingNumberAdder/FloatingNumberAdder.srcs/sources_1/new/main.vhd:1]
[Wed May 17 14:32:02 2017] Launched synth_1...
Run output will be captured here: F:/University/UTCluj/An3/Semestrul2/SSC/Proiect/FloatingNumberAdder/FloatingNumberAdder.runs/synth_1/runme.log
reset_run synth_1
launch_runs synth_1 -jobs 4
INFO: [HDL 9-1061] Parsing VHDL file "F:/University/UTCluj/An3/Semestrul2/SSC/Proiect/FloatingNumberAdder/FloatingNumberAdder.srcs/sources_1/new/main.vhd" into library xil_defaultlib [F:/University/UTCluj/An3/Semestrul2/SSC/Proiect/FloatingNumberAdder/FloatingNumberAdder.srcs/sources_1/new/main.vhd:1]
[Wed May 17 14:32:56 2017] Launched synth_1...
Run output will be captured here: F:/University/UTCluj/An3/Semestrul2/SSC/Proiect/FloatingNumberAdder/FloatingNumberAdder.runs/synth_1/runme.log
ERROR: [Labtools 27-2269] No devices detected on target localhost:3121/xilinx_tcf/Digilent/210292696630A.
Check cable connectivity and that the target board is powered up then
use the disconnect_hw_server and connect_hw_server to re-register this hardware target.
launch_runs impl_1 -jobs 4
[Wed May 17 14:33:44 2017] Launched impl_1...
Run output will be captured here: F:/University/UTCluj/An3/Semestrul2/SSC/Proiect/FloatingNumberAdder/FloatingNumberAdder.runs/impl_1/runme.log
launch_runs impl_1 -to_step write_bitstream -jobs 4
[Wed May 17 14:36:03 2017] Launched impl_1...
Run output will be captured here: F:/University/UTCluj/An3/Semestrul2/SSC/Proiect/FloatingNumberAdder/FloatingNumberAdder.runs/impl_1/runme.log
INFO: [Labtools 27-1435] Device xc7a100t (JTAG device index = 0) is not programmed (DONE status = 0).
set_property PROBES.FILE {} [lindex [get_hw_devices xc7a100t_0] 0]
set_property PROGRAM.FILE {F:/University/UTCluj/An3/Semestrul2/SSC/Proiect/FloatingNumberAdder/FloatingNumberAdder.runs/impl_1/main.bit} [lindex [get_hw_devices xc7a100t_0] 0]
program_hw_devices [lindex [get_hw_devices xc7a100t_0] 0]
INFO: [Labtools 27-3164] End of startup status: HIGH
refresh_hw_device [lindex [get_hw_devices xc7a100t_0] 0]
INFO: [Labtools 27-1434] Device xc7a100t (JTAG device index = 0) is programmed with a design that has no supported debug core(s) in it.
WARNING: [Labtools 27-3123] The debug hub core was not detected at User Scan Chain 1 or 3.
Resolution: 
1. Make sure the clock connected to the debug hub (dbg_hub) core is a free running clock and is active OR
2. Manually launch hw_server with -e "set xsdb-user-bscan <C_USER_SCAN_CHAIN scan_chain_number>" to detect the debug hub at User Scan Chain of 2 or 4. To determine the user scan chain setting, open the implemented design and use: get_property C_USER_SCAN_CHAIN [get_debug_cores dbg_hub].
WARNING: [Labtoolstcl 44-130] No matching hw_ilas were found.
WARNING: [Labtoolstcl 44-130] No matching hw_ilas were found.
WARNING: [Labtoolstcl 44-130] No matching hw_ilas were found.
WARNING: [Labtoolstcl 44-130] No matching hw_ilas were found.
set_property PROBES.FILE {} [lindex [get_hw_devices xc7a100t_0] 0]
set_property PROGRAM.FILE {F:/University/UTCluj/An3/Semestrul2/SSC/Proiect/FloatingNumberAdder/FloatingNumberAdder.runs/impl_1/main.bit} [lindex [get_hw_devices xc7a100t_0] 0]
program_hw_devices [lindex [get_hw_devices xc7a100t_0] 0]
INFO: [Labtools 27-3164] End of startup status: HIGH
refresh_hw_device [lindex [get_hw_devices xc7a100t_0] 0]
INFO: [Labtools 27-1434] Device xc7a100t (JTAG device index = 0) is programmed with a design that has no supported debug core(s) in it.
WARNING: [Labtools 27-3123] The debug hub core was not detected at User Scan Chain 1 or 3.
Resolution: 
1. Make sure the clock connected to the debug hub (dbg_hub) core is a free running clock and is active OR
2. Manually launch hw_server with -e "set xsdb-user-bscan <C_USER_SCAN_CHAIN scan_chain_number>" to detect the debug hub at User Scan Chain of 2 or 4. To determine the user scan chain setting, open the implemented design and use: get_property C_USER_SCAN_CHAIN [get_debug_cores dbg_hub].
WARNING: [Labtoolstcl 44-130] No matching hw_ilas were found.
WARNING: [Labtoolstcl 44-130] No matching hw_ilas were found.
WARNING: [Labtoolstcl 44-130] No matching hw_ilas were found.
WARNING: [Labtoolstcl 44-130] No matching hw_ilas were found.
ERROR: [Labtools 27-2269] No devices detected on target localhost:3121/xilinx_tcf/Digilent/210292696630A.
Check cable connectivity and that the target board is powered up then
use the disconnect_hw_server and connect_hw_server to re-register this hardware target.
update_compile_order -fileset sources_1
reset_run synth_1
launch_runs synth_1 -jobs 4
INFO: [HDL 9-1061] Parsing VHDL file "F:/University/UTCluj/An3/Semestrul2/SSC/Proiect/FloatingNumberAdder/FloatingNumberAdder.srcs/sources_1/new/main.vhd" into library xil_defaultlib [F:/University/UTCluj/An3/Semestrul2/SSC/Proiect/FloatingNumberAdder/FloatingNumberAdder.srcs/sources_1/new/main.vhd:1]
[Wed May 17 14:43:29 2017] Launched synth_1...
Run output will be captured here: F:/University/UTCluj/An3/Semestrul2/SSC/Proiect/FloatingNumberAdder/FloatingNumberAdder.runs/synth_1/runme.log
launch_runs impl_1 -jobs 4
[Wed May 17 14:44:50 2017] Launched impl_1...
Run output will be captured here: F:/University/UTCluj/An3/Semestrul2/SSC/Proiect/FloatingNumberAdder/FloatingNumberAdder.runs/impl_1/runme.log
launch_runs impl_1 -to_step write_bitstream -jobs 4
[Wed May 17 14:46:17 2017] Launched impl_1...
Run output will be captured here: F:/University/UTCluj/An3/Semestrul2/SSC/Proiect/FloatingNumberAdder/FloatingNumberAdder.runs/impl_1/runme.log
INFO: [Labtools 27-1435] Device xc7a100t (JTAG device index = 0) is not programmed (DONE status = 0).
set_property PROBES.FILE {} [lindex [get_hw_devices xc7a100t_0] 0]
set_property PROGRAM.FILE {F:/University/UTCluj/An3/Semestrul2/SSC/Proiect/FloatingNumberAdder/FloatingNumberAdder.runs/impl_1/main.bit} [lindex [get_hw_devices xc7a100t_0] 0]
program_hw_devices [lindex [get_hw_devices xc7a100t_0] 0]
INFO: [Labtools 27-3164] End of startup status: HIGH
refresh_hw_device [lindex [get_hw_devices xc7a100t_0] 0]
INFO: [Labtools 27-1434] Device xc7a100t (JTAG device index = 0) is programmed with a design that has no supported debug core(s) in it.
WARNING: [Labtools 27-3123] The debug hub core was not detected at User Scan Chain 1 or 3.
Resolution: 
1. Make sure the clock connected to the debug hub (dbg_hub) core is a free running clock and is active OR
2. Manually launch hw_server with -e "set xsdb-user-bscan <C_USER_SCAN_CHAIN scan_chain_number>" to detect the debug hub at User Scan Chain of 2 or 4. To determine the user scan chain setting, open the implemented design and use: get_property C_USER_SCAN_CHAIN [get_debug_cores dbg_hub].
WARNING: [Labtoolstcl 44-130] No matching hw_ilas were found.
WARNING: [Labtoolstcl 44-130] No matching hw_ilas were found.
WARNING: [Labtoolstcl 44-130] No matching hw_ilas were found.
WARNING: [Labtoolstcl 44-130] No matching hw_ilas were found.
reset_run synth_1
launch_runs synth_1 -jobs 4
INFO: [HDL 9-1061] Parsing VHDL file "F:/University/UTCluj/An3/Semestrul2/SSC/Proiect/FloatingNumberAdder/FloatingNumberAdder.srcs/sources_1/new/main.vhd" into library xil_defaultlib [F:/University/UTCluj/An3/Semestrul2/SSC/Proiect/FloatingNumberAdder/FloatingNumberAdder.srcs/sources_1/new/main.vhd:1]
[Wed May 17 14:49:20 2017] Launched synth_1...
Run output will be captured here: F:/University/UTCluj/An3/Semestrul2/SSC/Proiect/FloatingNumberAdder/FloatingNumberAdder.runs/synth_1/runme.log
ERROR: [Labtools 27-2269] No devices detected on target localhost:3121/xilinx_tcf/Digilent/210292696630A.
Check cable connectivity and that the target board is powered up then
use the disconnect_hw_server and connect_hw_server to re-register this hardware target.
launch_runs impl_1 -jobs 4
[Wed May 17 14:50:17 2017] Launched impl_1...
Run output will be captured here: F:/University/UTCluj/An3/Semestrul2/SSC/Proiect/FloatingNumberAdder/FloatingNumberAdder.runs/impl_1/runme.log
launch_runs impl_1 -to_step write_bitstream -jobs 4
[Wed May 17 14:51:37 2017] Launched impl_1...
Run output will be captured here: F:/University/UTCluj/An3/Semestrul2/SSC/Proiect/FloatingNumberAdder/FloatingNumberAdder.runs/impl_1/runme.log
INFO: [Labtools 27-1435] Device xc7a100t (JTAG device index = 0) is not programmed (DONE status = 0).
set_property PROBES.FILE {} [lindex [get_hw_devices xc7a100t_0] 0]
set_property PROGRAM.FILE {F:/University/UTCluj/An3/Semestrul2/SSC/Proiect/FloatingNumberAdder/FloatingNumberAdder.runs/impl_1/main.bit} [lindex [get_hw_devices xc7a100t_0] 0]
program_hw_devices [lindex [get_hw_devices xc7a100t_0] 0]
INFO: [Labtools 27-3164] End of startup status: HIGH
refresh_hw_device [lindex [get_hw_devices xc7a100t_0] 0]
INFO: [Labtools 27-1434] Device xc7a100t (JTAG device index = 0) is programmed with a design that has no supported debug core(s) in it.
WARNING: [Labtools 27-3123] The debug hub core was not detected at User Scan Chain 1 or 3.
Resolution: 
1. Make sure the clock connected to the debug hub (dbg_hub) core is a free running clock and is active OR
2. Manually launch hw_server with -e "set xsdb-user-bscan <C_USER_SCAN_CHAIN scan_chain_number>" to detect the debug hub at User Scan Chain of 2 or 4. To determine the user scan chain setting, open the implemented design and use: get_property C_USER_SCAN_CHAIN [get_debug_cores dbg_hub].
WARNING: [Labtoolstcl 44-130] No matching hw_ilas were found.
WARNING: [Labtoolstcl 44-130] No matching hw_ilas were found.
WARNING: [Labtoolstcl 44-130] No matching hw_ilas were found.
WARNING: [Labtoolstcl 44-130] No matching hw_ilas were found.
reset_run synth_1
launch_runs synth_1 -jobs 4
INFO: [HDL 9-1061] Parsing VHDL file "F:/University/UTCluj/An3/Semestrul2/SSC/Proiect/FloatingNumberAdder/FloatingNumberAdder.srcs/sources_1/new/main.vhd" into library xil_defaultlib [F:/University/UTCluj/An3/Semestrul2/SSC/Proiect/FloatingNumberAdder/FloatingNumberAdder.srcs/sources_1/new/main.vhd:1]
[Wed May 17 14:55:28 2017] Launched synth_1...
Run output will be captured here: F:/University/UTCluj/An3/Semestrul2/SSC/Proiect/FloatingNumberAdder/FloatingNumberAdder.runs/synth_1/runme.log
reset_run synth_1
launch_runs synth_1 -jobs 4
INFO: [HDL 9-1061] Parsing VHDL file "F:/University/UTCluj/An3/Semestrul2/SSC/Proiect/FloatingNumberAdder/FloatingNumberAdder.srcs/sources_1/new/main.vhd" into library xil_defaultlib [F:/University/UTCluj/An3/Semestrul2/SSC/Proiect/FloatingNumberAdder/FloatingNumberAdder.srcs/sources_1/new/main.vhd:1]
[Wed May 17 15:02:05 2017] Launched synth_1...
Run output will be captured here: F:/University/UTCluj/An3/Semestrul2/SSC/Proiect/FloatingNumberAdder/FloatingNumberAdder.runs/synth_1/runme.log
launch_runs impl_1 -jobs 4
[Wed May 17 15:03:03 2017] Launched impl_1...
Run output will be captured here: F:/University/UTCluj/An3/Semestrul2/SSC/Proiect/FloatingNumberAdder/FloatingNumberAdder.runs/impl_1/runme.log
launch_runs impl_1 -to_step write_bitstream -jobs 4
[Wed May 17 15:04:26 2017] Launched impl_1...
Run output will be captured here: F:/University/UTCluj/An3/Semestrul2/SSC/Proiect/FloatingNumberAdder/FloatingNumberAdder.runs/impl_1/runme.log
set_property PROBES.FILE {} [lindex [get_hw_devices xc7a100t_0] 0]
set_property PROGRAM.FILE {F:/University/UTCluj/An3/Semestrul2/SSC/Proiect/FloatingNumberAdder/FloatingNumberAdder.runs/impl_1/main.bit} [lindex [get_hw_devices xc7a100t_0] 0]
program_hw_devices [lindex [get_hw_devices xc7a100t_0] 0]
INFO: [Labtools 27-3164] End of startup status: HIGH
refresh_hw_device [lindex [get_hw_devices xc7a100t_0] 0]
INFO: [Labtools 27-1434] Device xc7a100t (JTAG device index = 0) is programmed with a design that has no supported debug core(s) in it.
WARNING: [Labtools 27-3123] The debug hub core was not detected at User Scan Chain 1 or 3.
Resolution: 
1. Make sure the clock connected to the debug hub (dbg_hub) core is a free running clock and is active OR
2. Manually launch hw_server with -e "set xsdb-user-bscan <C_USER_SCAN_CHAIN scan_chain_number>" to detect the debug hub at User Scan Chain of 2 or 4. To determine the user scan chain setting, open the implemented design and use: get_property C_USER_SCAN_CHAIN [get_debug_cores dbg_hub].
WARNING: [Labtoolstcl 44-130] No matching hw_ilas were found.
WARNING: [Labtoolstcl 44-130] No matching hw_ilas were found.
WARNING: [Labtoolstcl 44-130] No matching hw_ilas were found.
WARNING: [Labtoolstcl 44-130] No matching hw_ilas were found.
reset_run synth_1
launch_runs synth_1 -jobs 4
INFO: [HDL 9-1061] Parsing VHDL file "F:/University/UTCluj/An3/Semestrul2/SSC/Proiect/FloatingNumberAdder/FloatingNumberAdder.srcs/sources_1/new/main.vhd" into library xil_defaultlib [F:/University/UTCluj/An3/Semestrul2/SSC/Proiect/FloatingNumberAdder/FloatingNumberAdder.srcs/sources_1/new/main.vhd:1]
[Wed May 17 15:19:17 2017] Launched synth_1...
Run output will be captured here: F:/University/UTCluj/An3/Semestrul2/SSC/Proiect/FloatingNumberAdder/FloatingNumberAdder.runs/synth_1/runme.log
ERROR: [Labtools 27-2269] No devices detected on target localhost:3121/xilinx_tcf/Digilent/210292696630A.
Check cable connectivity and that the target board is powered up then
use the disconnect_hw_server and connect_hw_server to re-register this hardware target.
launch_runs impl_1 -jobs 4
[Wed May 17 15:19:59 2017] Launched impl_1...
Run output will be captured here: F:/University/UTCluj/An3/Semestrul2/SSC/Proiect/FloatingNumberAdder/FloatingNumberAdder.runs/impl_1/runme.log
launch_runs impl_1 -to_step write_bitstream -jobs 4
[Wed May 17 15:21:16 2017] Launched impl_1...
Run output will be captured here: F:/University/UTCluj/An3/Semestrul2/SSC/Proiect/FloatingNumberAdder/FloatingNumberAdder.runs/impl_1/runme.log
INFO: [Labtools 27-1435] Device xc7a100t (JTAG device index = 0) is not programmed (DONE status = 0).
set_property PROBES.FILE {} [lindex [get_hw_devices xc7a100t_0] 0]
set_property PROGRAM.FILE {F:/University/UTCluj/An3/Semestrul2/SSC/Proiect/FloatingNumberAdder/FloatingNumberAdder.runs/impl_1/main.bit} [lindex [get_hw_devices xc7a100t_0] 0]
program_hw_devices [lindex [get_hw_devices xc7a100t_0] 0]
INFO: [Labtools 27-3164] End of startup status: HIGH
refresh_hw_device [lindex [get_hw_devices xc7a100t_0] 0]
INFO: [Labtools 27-1434] Device xc7a100t (JTAG device index = 0) is programmed with a design that has no supported debug core(s) in it.
WARNING: [Labtools 27-3123] The debug hub core was not detected at User Scan Chain 1 or 3.
Resolution: 
1. Make sure the clock connected to the debug hub (dbg_hub) core is a free running clock and is active OR
2. Manually launch hw_server with -e "set xsdb-user-bscan <C_USER_SCAN_CHAIN scan_chain_number>" to detect the debug hub at User Scan Chain of 2 or 4. To determine the user scan chain setting, open the implemented design and use: get_property C_USER_SCAN_CHAIN [get_debug_cores dbg_hub].
WARNING: [Labtoolstcl 44-130] No matching hw_ilas were found.
WARNING: [Labtoolstcl 44-130] No matching hw_ilas were found.
WARNING: [Labtoolstcl 44-130] No matching hw_ilas were found.
WARNING: [Labtoolstcl 44-130] No matching hw_ilas were found.
reset_run synth_1
launch_runs synth_1 -jobs 4
INFO: [HDL 9-1061] Parsing VHDL file "F:/University/UTCluj/An3/Semestrul2/SSC/Proiect/FloatingNumberAdder/FloatingNumberAdder.srcs/sources_1/new/main.vhd" into library xil_defaultlib [F:/University/UTCluj/An3/Semestrul2/SSC/Proiect/FloatingNumberAdder/FloatingNumberAdder.srcs/sources_1/new/main.vhd:1]
[Wed May 17 15:22:51 2017] Launched synth_1...
Run output will be captured here: F:/University/UTCluj/An3/Semestrul2/SSC/Proiect/FloatingNumberAdder/FloatingNumberAdder.runs/synth_1/runme.log
launch_runs impl_1 -jobs 4
[Wed May 17 15:24:16 2017] Launched impl_1...
Run output will be captured here: F:/University/UTCluj/An3/Semestrul2/SSC/Proiect/FloatingNumberAdder/FloatingNumberAdder.runs/impl_1/runme.log
launch_runs impl_1 -to_step write_bitstream -jobs 4
[Wed May 17 15:25:53 2017] Launched impl_1...
Run output will be captured here: F:/University/UTCluj/An3/Semestrul2/SSC/Proiect/FloatingNumberAdder/FloatingNumberAdder.runs/impl_1/runme.log
set_property PROBES.FILE {} [lindex [get_hw_devices xc7a100t_0] 0]
set_property PROGRAM.FILE {F:/University/UTCluj/An3/Semestrul2/SSC/Proiect/FloatingNumberAdder/FloatingNumberAdder.runs/impl_1/main.bit} [lindex [get_hw_devices xc7a100t_0] 0]
program_hw_devices [lindex [get_hw_devices xc7a100t_0] 0]
INFO: [Labtools 27-3164] End of startup status: HIGH
refresh_hw_device [lindex [get_hw_devices xc7a100t_0] 0]
INFO: [Labtools 27-1434] Device xc7a100t (JTAG device index = 0) is programmed with a design that has no supported debug core(s) in it.
WARNING: [Labtools 27-3123] The debug hub core was not detected at User Scan Chain 1 or 3.
Resolution: 
1. Make sure the clock connected to the debug hub (dbg_hub) core is a free running clock and is active OR
2. Manually launch hw_server with -e "set xsdb-user-bscan <C_USER_SCAN_CHAIN scan_chain_number>" to detect the debug hub at User Scan Chain of 2 or 4. To determine the user scan chain setting, open the implemented design and use: get_property C_USER_SCAN_CHAIN [get_debug_cores dbg_hub].
WARNING: [Labtoolstcl 44-130] No matching hw_ilas were found.
WARNING: [Labtoolstcl 44-130] No matching hw_ilas were found.
WARNING: [Labtoolstcl 44-130] No matching hw_ilas were found.
WARNING: [Labtoolstcl 44-130] No matching hw_ilas were found.
reset_run synth_1
launch_runs synth_1 -jobs 4
INFO: [HDL 9-1061] Parsing VHDL file "F:/University/UTCluj/An3/Semestrul2/SSC/Proiect/FloatingNumberAdder/FloatingNumberAdder.srcs/sources_1/new/main.vhd" into library xil_defaultlib [F:/University/UTCluj/An3/Semestrul2/SSC/Proiect/FloatingNumberAdder/FloatingNumberAdder.srcs/sources_1/new/main.vhd:1]
[Wed May 17 15:28:09 2017] Launched synth_1...
Run output will be captured here: F:/University/UTCluj/An3/Semestrul2/SSC/Proiect/FloatingNumberAdder/FloatingNumberAdder.runs/synth_1/runme.log
launch_runs impl_1 -jobs 4
[Wed May 17 15:30:01 2017] Launched impl_1...
Run output will be captured here: F:/University/UTCluj/An3/Semestrul2/SSC/Proiect/FloatingNumberAdder/FloatingNumberAdder.runs/impl_1/runme.log
launch_runs impl_1 -to_step write_bitstream -jobs 4
[Wed May 17 15:31:29 2017] Launched impl_1...
Run output will be captured here: F:/University/UTCluj/An3/Semestrul2/SSC/Proiect/FloatingNumberAdder/FloatingNumberAdder.runs/impl_1/runme.log
set_property PROBES.FILE {} [lindex [get_hw_devices xc7a100t_0] 0]
set_property PROGRAM.FILE {F:/University/UTCluj/An3/Semestrul2/SSC/Proiect/FloatingNumberAdder/FloatingNumberAdder.runs/impl_1/main.bit} [lindex [get_hw_devices xc7a100t_0] 0]
program_hw_devices [lindex [get_hw_devices xc7a100t_0] 0]
INFO: [Labtools 27-3164] End of startup status: HIGH
refresh_hw_device [lindex [get_hw_devices xc7a100t_0] 0]
INFO: [Labtools 27-1434] Device xc7a100t (JTAG device index = 0) is programmed with a design that has no supported debug core(s) in it.
WARNING: [Labtools 27-3123] The debug hub core was not detected at User Scan Chain 1 or 3.
Resolution: 
1. Make sure the clock connected to the debug hub (dbg_hub) core is a free running clock and is active OR
2. Manually launch hw_server with -e "set xsdb-user-bscan <C_USER_SCAN_CHAIN scan_chain_number>" to detect the debug hub at User Scan Chain of 2 or 4. To determine the user scan chain setting, open the implemented design and use: get_property C_USER_SCAN_CHAIN [get_debug_cores dbg_hub].
WARNING: [Labtoolstcl 44-130] No matching hw_ilas were found.
WARNING: [Labtoolstcl 44-130] No matching hw_ilas were found.
WARNING: [Labtoolstcl 44-130] No matching hw_ilas were found.
WARNING: [Labtoolstcl 44-130] No matching hw_ilas were found.
reset_run synth_1
launch_runs synth_1 -jobs 4
INFO: [HDL 9-1061] Parsing VHDL file "F:/University/UTCluj/An3/Semestrul2/SSC/Proiect/FloatingNumberAdder/FloatingNumberAdder.srcs/sources_1/new/main.vhd" into library xil_defaultlib [F:/University/UTCluj/An3/Semestrul2/SSC/Proiect/FloatingNumberAdder/FloatingNumberAdder.srcs/sources_1/new/main.vhd:1]
[Wed May 17 15:33:27 2017] Launched synth_1...
Run output will be captured here: F:/University/UTCluj/An3/Semestrul2/SSC/Proiect/FloatingNumberAdder/FloatingNumberAdder.runs/synth_1/runme.log
launch_runs impl_1 -jobs 4
[Wed May 17 15:34:06 2017] Launched impl_1...
Run output will be captured here: F:/University/UTCluj/An3/Semestrul2/SSC/Proiect/FloatingNumberAdder/FloatingNumberAdder.runs/impl_1/runme.log
launch_runs impl_1 -to_step write_bitstream -jobs 4
[Wed May 17 15:35:19 2017] Launched impl_1...
Run output will be captured here: F:/University/UTCluj/An3/Semestrul2/SSC/Proiect/FloatingNumberAdder/FloatingNumberAdder.runs/impl_1/runme.log
set_property PROBES.FILE {} [lindex [get_hw_devices xc7a100t_0] 0]
set_property PROGRAM.FILE {F:/University/UTCluj/An3/Semestrul2/SSC/Proiect/FloatingNumberAdder/FloatingNumberAdder.runs/impl_1/main.bit} [lindex [get_hw_devices xc7a100t_0] 0]
program_hw_devices [lindex [get_hw_devices xc7a100t_0] 0]
INFO: [Labtools 27-3164] End of startup status: HIGH
refresh_hw_device [lindex [get_hw_devices xc7a100t_0] 0]
INFO: [Labtools 27-1434] Device xc7a100t (JTAG device index = 0) is programmed with a design that has no supported debug core(s) in it.
WARNING: [Labtools 27-3123] The debug hub core was not detected at User Scan Chain 1 or 3.
Resolution: 
1. Make sure the clock connected to the debug hub (dbg_hub) core is a free running clock and is active OR
2. Manually launch hw_server with -e "set xsdb-user-bscan <C_USER_SCAN_CHAIN scan_chain_number>" to detect the debug hub at User Scan Chain of 2 or 4. To determine the user scan chain setting, open the implemented design and use: get_property C_USER_SCAN_CHAIN [get_debug_cores dbg_hub].
WARNING: [Labtoolstcl 44-130] No matching hw_ilas were found.
WARNING: [Labtoolstcl 44-130] No matching hw_ilas were found.
WARNING: [Labtoolstcl 44-130] No matching hw_ilas were found.
WARNING: [Labtoolstcl 44-130] No matching hw_ilas were found.
reset_run synth_1
launch_runs synth_1 -jobs 4
INFO: [HDL 9-1061] Parsing VHDL file "F:/University/UTCluj/An3/Semestrul2/SSC/Proiect/FloatingNumberAdder/FloatingNumberAdder.srcs/sources_1/new/main.vhd" into library xil_defaultlib [F:/University/UTCluj/An3/Semestrul2/SSC/Proiect/FloatingNumberAdder/FloatingNumberAdder.srcs/sources_1/new/main.vhd:1]
[Wed May 17 15:44:42 2017] Launched synth_1...
Run output will be captured here: F:/University/UTCluj/An3/Semestrul2/SSC/Proiect/FloatingNumberAdder/FloatingNumberAdder.runs/synth_1/runme.log
launch_runs impl_1 -jobs 4
[Wed May 17 15:45:29 2017] Launched impl_1...
Run output will be captured here: F:/University/UTCluj/An3/Semestrul2/SSC/Proiect/FloatingNumberAdder/FloatingNumberAdder.runs/impl_1/runme.log
reset_run synth_1
launch_runs synth_1 -jobs 4
INFO: [HDL 9-1061] Parsing VHDL file "F:/University/UTCluj/An3/Semestrul2/SSC/Proiect/FloatingNumberAdder/FloatingNumberAdder.srcs/sources_1/new/main.vhd" into library xil_defaultlib [F:/University/UTCluj/An3/Semestrul2/SSC/Proiect/FloatingNumberAdder/FloatingNumberAdder.srcs/sources_1/new/main.vhd:1]
[Wed May 17 15:50:29 2017] Launched synth_1...
Run output will be captured here: F:/University/UTCluj/An3/Semestrul2/SSC/Proiect/FloatingNumberAdder/FloatingNumberAdder.runs/synth_1/runme.log
launch_runs impl_1 -jobs 4
[Wed May 17 15:51:27 2017] Launched impl_1...
Run output will be captured here: F:/University/UTCluj/An3/Semestrul2/SSC/Proiect/FloatingNumberAdder/FloatingNumberAdder.runs/impl_1/runme.log
reset_run synth_1
launch_runs synth_1 -jobs 4
INFO: [HDL 9-1061] Parsing VHDL file "F:/University/UTCluj/An3/Semestrul2/SSC/Proiect/FloatingNumberAdder/FloatingNumberAdder.srcs/sources_1/new/main.vhd" into library xil_defaultlib [F:/University/UTCluj/An3/Semestrul2/SSC/Proiect/FloatingNumberAdder/FloatingNumberAdder.srcs/sources_1/new/main.vhd:1]
[Wed May 17 15:55:31 2017] Launched synth_1...
Run output will be captured here: F:/University/UTCluj/An3/Semestrul2/SSC/Proiect/FloatingNumberAdder/FloatingNumberAdder.runs/synth_1/runme.log
launch_runs impl_1 -jobs 4
[Wed May 17 15:56:28 2017] Launched impl_1...
Run output will be captured here: F:/University/UTCluj/An3/Semestrul2/SSC/Proiect/FloatingNumberAdder/FloatingNumberAdder.runs/impl_1/runme.log
reset_run synth_1
launch_runs impl_1 -jobs 4
[Wed May 17 15:57:15 2017] Launched synth_1...
Run output will be captured here: F:/University/UTCluj/An3/Semestrul2/SSC/Proiect/FloatingNumberAdder/FloatingNumberAdder.runs/synth_1/runme.log
[Wed May 17 15:57:15 2017] Launched impl_1...
Run output will be captured here: F:/University/UTCluj/An3/Semestrul2/SSC/Proiect/FloatingNumberAdder/FloatingNumberAdder.runs/impl_1/runme.log
launch_runs impl_1 -to_step write_bitstream -jobs 4
[Wed May 17 15:59:24 2017] Launched impl_1...
Run output will be captured here: F:/University/UTCluj/An3/Semestrul2/SSC/Proiect/FloatingNumberAdder/FloatingNumberAdder.runs/impl_1/runme.log
set_property PROBES.FILE {} [lindex [get_hw_devices xc7a100t_0] 0]
set_property PROGRAM.FILE {F:/University/UTCluj/An3/Semestrul2/SSC/Proiect/FloatingNumberAdder/FloatingNumberAdder.runs/impl_1/main.bit} [lindex [get_hw_devices xc7a100t_0] 0]
program_hw_devices [lindex [get_hw_devices xc7a100t_0] 0]
INFO: [Labtools 27-3164] End of startup status: HIGH
refresh_hw_device [lindex [get_hw_devices xc7a100t_0] 0]
INFO: [Labtools 27-1434] Device xc7a100t (JTAG device index = 0) is programmed with a design that has no supported debug core(s) in it.
WARNING: [Labtools 27-3123] The debug hub core was not detected at User Scan Chain 1 or 3.
Resolution: 
1. Make sure the clock connected to the debug hub (dbg_hub) core is a free running clock and is active OR
2. Manually launch hw_server with -e "set xsdb-user-bscan <C_USER_SCAN_CHAIN scan_chain_number>" to detect the debug hub at User Scan Chain of 2 or 4. To determine the user scan chain setting, open the implemented design and use: get_property C_USER_SCAN_CHAIN [get_debug_cores dbg_hub].
WARNING: [Labtoolstcl 44-130] No matching hw_ilas were found.
WARNING: [Labtoolstcl 44-130] No matching hw_ilas were found.
WARNING: [Labtoolstcl 44-130] No matching hw_ilas were found.
WARNING: [Labtoolstcl 44-130] No matching hw_ilas were found.
ERROR: [Labtools 27-2269] No devices detected on target localhost:3121/xilinx_tcf/Digilent/210292696630A.
Check cable connectivity and that the target board is powered up then
use the disconnect_hw_server and connect_hw_server to re-register this hardware target.
ERROR: [Labtoolstcl 44-513] HW Target shutdown. Closing target: localhost:3121/xilinx_tcf/Digilent/210292696630A
