#-----------------------------------------------------------
# Vivado v2016.4 (64-bit)
# SW Build 1756540 on Mon Jan 23 19:11:23 MST 2017
# IP Build 1755317 on Mon Jan 23 20:30:07 MST 2017
# Start of session at: Sun May 21 01:24:08 2017
# Process ID: 7220
# Current directory: F:/University/UTCluj/An3/Semestrul2/SSC/Proiect/FloatingNumberAdder
# Command line: vivado.exe -gui_launcher_event rodinguilauncherevent7628 F:\University\UTCluj\An3\Semestrul2\SSC\Proiect\FloatingNumberAdder\FloatingNumberAdder.xpr
# Log file: F:/University/UTCluj/An3/Semestrul2/SSC/Proiect/FloatingNumberAdder/vivado.log
# Journal file: F:/University/UTCluj/An3/Semestrul2/SSC/Proiect/FloatingNumberAdder\vivado.jou
#-----------------------------------------------------------
start_gui
open_project F:/University/UTCluj/An3/Semestrul2/SSC/Proiect/FloatingNumberAdder/FloatingNumberAdder.xpr
Scanning sources...
Finished scanning sources
INFO: [IP_Flow 19-234] Refreshing IP repositories
INFO: [IP_Flow 19-1704] No user IP repositories specified
INFO: [IP_Flow 19-2313] Loaded Vivado IP repository 'F:/Install/Xilinx/Vivado/2016.4/data/ip'.
open_project: Time (s): cpu = 00:00:09 ; elapsed = 00:00:10 . Memory (MB): peak = 782.699 ; gain = 134.234
set_property source_mgmt_mode None [current_project]
exit
INFO: [Common 17-206] Exiting Vivado at Sun May 21 01:25:10 2017...
