Copyright 1986-2016 Xilinx, Inc. All Rights Reserved.
---------------------------------------------------------------------------------------------------------------
| Tool Version : Vivado v.2016.4 (win64) Build 1756540 Mon Jan 23 19:11:23 MST 2017
| Date         : Sun May 21 17:03:52 2017
| Host         : DESKTOP-PN6N5ON running 64-bit major release  (build 9200)
| Command      : report_methodology -file main_methodology_drc_routed.rpt -rpx main_methodology_drc_routed.rpx
| Design       : main
| Device       : xc7a100tcsg324-1
| Speed File   : -1
| Design State : Routed
---------------------------------------------------------------------------------------------------------------

Report Methodology

Table of Contents
-----------------
1. REPORT SUMMARY
2. REPORT DETAILS

1. REPORT SUMMARY
-----------------
            Netlist: netlist
          Floorplan: design_1
      Design limits: <entire design considered>
             Max violations: <unlimited>
             Violations found: 122
+-----------+----------+-------------------------------+------------+
| Rule      | Severity | Description                   | Violations |
+-----------+----------+-------------------------------+------------+
| TIMING-17 | Warning  | Non-clocked sequential cell   | 20         |
| TIMING-18 | Warning  | Missing input or output delay | 24         |
| TIMING-20 | Warning  | Non-clocked latch             | 78         |
+-----------+----------+-------------------------------+------------+

2. REPORT DETAILS
-----------------
TIMING-17#1 Warning
Non-clocked sequential cell  
The clock pin keypad_component/CV1_reg[1]/C is not reached by a timing clock
Related violations: <none>

TIMING-17#2 Warning
Non-clocked sequential cell  
The clock pin keypad_component/CV1_reg[2]/C is not reached by a timing clock
Related violations: <none>

TIMING-17#3 Warning
Non-clocked sequential cell  
The clock pin keypad_component/CV1_reg[3]/C is not reached by a timing clock
Related violations: <none>

TIMING-17#4 Warning
Non-clocked sequential cell  
The clock pin keypad_component/CV1_reg[4]/C is not reached by a timing clock
Related violations: <none>

TIMING-17#5 Warning
Non-clocked sequential cell  
The clock pin keypad_component/CV2_reg[1]/C is not reached by a timing clock
Related violations: <none>

TIMING-17#6 Warning
Non-clocked sequential cell  
The clock pin keypad_component/CV2_reg[2]/C is not reached by a timing clock
Related violations: <none>

TIMING-17#7 Warning
Non-clocked sequential cell  
The clock pin keypad_component/CV2_reg[3]/C is not reached by a timing clock
Related violations: <none>

TIMING-17#8 Warning
Non-clocked sequential cell  
The clock pin keypad_component/CV2_reg[4]/C is not reached by a timing clock
Related violations: <none>

TIMING-17#9 Warning
Non-clocked sequential cell  
The clock pin keypad_component/CV3_reg[1]/C is not reached by a timing clock
Related violations: <none>

TIMING-17#10 Warning
Non-clocked sequential cell  
The clock pin keypad_component/CV3_reg[2]/C is not reached by a timing clock
Related violations: <none>

TIMING-17#11 Warning
Non-clocked sequential cell  
The clock pin keypad_component/CV3_reg[3]/C is not reached by a timing clock
Related violations: <none>

TIMING-17#12 Warning
Non-clocked sequential cell  
The clock pin keypad_component/CV3_reg[4]/C is not reached by a timing clock
Related violations: <none>

TIMING-17#13 Warning
Non-clocked sequential cell  
The clock pin keypad_component/CV4_reg[1]/C is not reached by a timing clock
Related violations: <none>

TIMING-17#14 Warning
Non-clocked sequential cell  
The clock pin keypad_component/CV4_reg[2]/C is not reached by a timing clock
Related violations: <none>

TIMING-17#15 Warning
Non-clocked sequential cell  
The clock pin keypad_component/CV4_reg[3]/C is not reached by a timing clock
Related violations: <none>

TIMING-17#16 Warning
Non-clocked sequential cell  
The clock pin keypad_component/CV4_reg[4]/C is not reached by a timing clock
Related violations: <none>

TIMING-17#17 Warning
Non-clocked sequential cell  
The clock pin keypad_component/FSM_onehot_curr_col_reg[0]/C is not reached by a timing clock
Related violations: <none>

TIMING-17#18 Warning
Non-clocked sequential cell  
The clock pin keypad_component/FSM_onehot_curr_col_reg[1]/C is not reached by a timing clock
Related violations: <none>

TIMING-17#19 Warning
Non-clocked sequential cell  
The clock pin keypad_component/FSM_onehot_curr_col_reg[2]/C is not reached by a timing clock
Related violations: <none>

TIMING-17#20 Warning
Non-clocked sequential cell  
The clock pin keypad_component/FSM_onehot_curr_col_reg[3]/C is not reached by a timing clock
Related violations: <none>

TIMING-18#1 Warning
Missing input or output delay  
An input delay is missing on bt_clr relative to clock(s) sys_clk_pin 
Related violations: <none>

TIMING-18#2 Warning
Missing input or output delay  
An input delay is missing on bt_exec relative to clock(s) sys_clk_pin 
Related violations: <none>

TIMING-18#3 Warning
Missing input or output delay  
An input delay is missing on select_number[0] relative to clock(s) sys_clk_pin 
Related violations: <none>

TIMING-18#4 Warning
Missing input or output delay  
An input delay is missing on select_number[1] relative to clock(s) sys_clk_pin 
Related violations: <none>

TIMING-18#5 Warning
Missing input or output delay  
An output delay is missing on anode[0] relative to clock(s) sys_clk_pin 
Related violations: <none>

TIMING-18#6 Warning
Missing input or output delay  
An output delay is missing on anode[1] relative to clock(s) sys_clk_pin 
Related violations: <none>

TIMING-18#7 Warning
Missing input or output delay  
An output delay is missing on anode[2] relative to clock(s) sys_clk_pin 
Related violations: <none>

TIMING-18#8 Warning
Missing input or output delay  
An output delay is missing on anode[3] relative to clock(s) sys_clk_pin 
Related violations: <none>

TIMING-18#9 Warning
Missing input or output delay  
An output delay is missing on anode[4] relative to clock(s) sys_clk_pin 
Related violations: <none>

TIMING-18#10 Warning
Missing input or output delay  
An output delay is missing on anode[5] relative to clock(s) sys_clk_pin 
Related violations: <none>

TIMING-18#11 Warning
Missing input or output delay  
An output delay is missing on anode[6] relative to clock(s) sys_clk_pin 
Related violations: <none>

TIMING-18#12 Warning
Missing input or output delay  
An output delay is missing on anode[7] relative to clock(s) sys_clk_pin 
Related violations: <none>

TIMING-18#13 Warning
Missing input or output delay  
An output delay is missing on seg[0] relative to clock(s) sys_clk_pin 
Related violations: <none>

TIMING-18#14 Warning
Missing input or output delay  
An output delay is missing on seg[1] relative to clock(s) sys_clk_pin 
Related violations: <none>

TIMING-18#15 Warning
Missing input or output delay  
An output delay is missing on seg[2] relative to clock(s) sys_clk_pin 
Related violations: <none>

TIMING-18#16 Warning
Missing input or output delay  
An output delay is missing on seg[3] relative to clock(s) sys_clk_pin 
Related violations: <none>

TIMING-18#17 Warning
Missing input or output delay  
An output delay is missing on seg[4] relative to clock(s) sys_clk_pin 
Related violations: <none>

TIMING-18#18 Warning
Missing input or output delay  
An output delay is missing on seg[5] relative to clock(s) sys_clk_pin 
Related violations: <none>

TIMING-18#19 Warning
Missing input or output delay  
An output delay is missing on seg[6] relative to clock(s) sys_clk_pin 
Related violations: <none>

TIMING-18#20 Warning
Missing input or output delay  
An output delay is missing on seg[7] relative to clock(s) sys_clk_pin 
Related violations: <none>

TIMING-18#21 Warning
Missing input or output delay  
An output delay is missing on vector[0] relative to clock(s) sys_clk_pin 
Related violations: <none>

TIMING-18#22 Warning
Missing input or output delay  
An output delay is missing on vector[1] relative to clock(s) sys_clk_pin 
Related violations: <none>

TIMING-18#23 Warning
Missing input or output delay  
An output delay is missing on vector[2] relative to clock(s) sys_clk_pin 
Related violations: <none>

TIMING-18#24 Warning
Missing input or output delay  
An output delay is missing on vector[3] relative to clock(s) sys_clk_pin 
Related violations: <none>

TIMING-20#1 Warning
Non-clocked latch  
The latch Result_reg[0] cannot be properly analyzed as its control pin Result_reg[0]/G is not reached by a timing clock
Related violations: <none>

TIMING-20#2 Warning
Non-clocked latch  
The latch Result_reg[10] cannot be properly analyzed as its control pin Result_reg[10]/G is not reached by a timing clock
Related violations: <none>

TIMING-20#3 Warning
Non-clocked latch  
The latch Result_reg[11] cannot be properly analyzed as its control pin Result_reg[11]/G is not reached by a timing clock
Related violations: <none>

TIMING-20#4 Warning
Non-clocked latch  
The latch Result_reg[12] cannot be properly analyzed as its control pin Result_reg[12]/G is not reached by a timing clock
Related violations: <none>

TIMING-20#5 Warning
Non-clocked latch  
The latch Result_reg[13] cannot be properly analyzed as its control pin Result_reg[13]/G is not reached by a timing clock
Related violations: <none>

TIMING-20#6 Warning
Non-clocked latch  
The latch Result_reg[14] cannot be properly analyzed as its control pin Result_reg[14]/G is not reached by a timing clock
Related violations: <none>

TIMING-20#7 Warning
Non-clocked latch  
The latch Result_reg[15] cannot be properly analyzed as its control pin Result_reg[15]/G is not reached by a timing clock
Related violations: <none>

TIMING-20#8 Warning
Non-clocked latch  
The latch Result_reg[16] cannot be properly analyzed as its control pin Result_reg[16]/G is not reached by a timing clock
Related violations: <none>

TIMING-20#9 Warning
Non-clocked latch  
The latch Result_reg[17] cannot be properly analyzed as its control pin Result_reg[17]/G is not reached by a timing clock
Related violations: <none>

TIMING-20#10 Warning
Non-clocked latch  
The latch Result_reg[18] cannot be properly analyzed as its control pin Result_reg[18]/G is not reached by a timing clock
Related violations: <none>

TIMING-20#11 Warning
Non-clocked latch  
The latch Result_reg[19] cannot be properly analyzed as its control pin Result_reg[19]/G is not reached by a timing clock
Related violations: <none>

TIMING-20#12 Warning
Non-clocked latch  
The latch Result_reg[1] cannot be properly analyzed as its control pin Result_reg[1]/G is not reached by a timing clock
Related violations: <none>

TIMING-20#13 Warning
Non-clocked latch  
The latch Result_reg[20] cannot be properly analyzed as its control pin Result_reg[20]/G is not reached by a timing clock
Related violations: <none>

TIMING-20#14 Warning
Non-clocked latch  
The latch Result_reg[21] cannot be properly analyzed as its control pin Result_reg[21]/G is not reached by a timing clock
Related violations: <none>

TIMING-20#15 Warning
Non-clocked latch  
The latch Result_reg[22] cannot be properly analyzed as its control pin Result_reg[22]/G is not reached by a timing clock
Related violations: <none>

TIMING-20#16 Warning
Non-clocked latch  
The latch Result_reg[23] cannot be properly analyzed as its control pin Result_reg[23]/G is not reached by a timing clock
Related violations: <none>

TIMING-20#17 Warning
Non-clocked latch  
The latch Result_reg[24] cannot be properly analyzed as its control pin Result_reg[24]/G is not reached by a timing clock
Related violations: <none>

TIMING-20#18 Warning
Non-clocked latch  
The latch Result_reg[25] cannot be properly analyzed as its control pin Result_reg[25]/G is not reached by a timing clock
Related violations: <none>

TIMING-20#19 Warning
Non-clocked latch  
The latch Result_reg[26] cannot be properly analyzed as its control pin Result_reg[26]/G is not reached by a timing clock
Related violations: <none>

TIMING-20#20 Warning
Non-clocked latch  
The latch Result_reg[27] cannot be properly analyzed as its control pin Result_reg[27]/G is not reached by a timing clock
Related violations: <none>

TIMING-20#21 Warning
Non-clocked latch  
The latch Result_reg[28] cannot be properly analyzed as its control pin Result_reg[28]/G is not reached by a timing clock
Related violations: <none>

TIMING-20#22 Warning
Non-clocked latch  
The latch Result_reg[29] cannot be properly analyzed as its control pin Result_reg[29]/G is not reached by a timing clock
Related violations: <none>

TIMING-20#23 Warning
Non-clocked latch  
The latch Result_reg[2] cannot be properly analyzed as its control pin Result_reg[2]/G is not reached by a timing clock
Related violations: <none>

TIMING-20#24 Warning
Non-clocked latch  
The latch Result_reg[30] cannot be properly analyzed as its control pin Result_reg[30]/G is not reached by a timing clock
Related violations: <none>

TIMING-20#25 Warning
Non-clocked latch  
The latch Result_reg[31] cannot be properly analyzed as its control pin Result_reg[31]/G is not reached by a timing clock
Related violations: <none>

TIMING-20#26 Warning
Non-clocked latch  
The latch Result_reg[3] cannot be properly analyzed as its control pin Result_reg[3]/G is not reached by a timing clock
Related violations: <none>

TIMING-20#27 Warning
Non-clocked latch  
The latch Result_reg[4] cannot be properly analyzed as its control pin Result_reg[4]/G is not reached by a timing clock
Related violations: <none>

TIMING-20#28 Warning
Non-clocked latch  
The latch Result_reg[5] cannot be properly analyzed as its control pin Result_reg[5]/G is not reached by a timing clock
Related violations: <none>

TIMING-20#29 Warning
Non-clocked latch  
The latch Result_reg[6] cannot be properly analyzed as its control pin Result_reg[6]/G is not reached by a timing clock
Related violations: <none>

TIMING-20#30 Warning
Non-clocked latch  
The latch Result_reg[7] cannot be properly analyzed as its control pin Result_reg[7]/G is not reached by a timing clock
Related violations: <none>

TIMING-20#31 Warning
Non-clocked latch  
The latch Result_reg[8] cannot be properly analyzed as its control pin Result_reg[8]/G is not reached by a timing clock
Related violations: <none>

TIMING-20#32 Warning
Non-clocked latch  
The latch Result_reg[9] cannot be properly analyzed as its control pin Result_reg[9]/G is not reached by a timing clock
Related violations: <none>

TIMING-20#33 Warning
Non-clocked latch  
The latch adder_substraction_comp/normalize_component/E1_reg[0] cannot be properly analyzed as its control pin adder_substraction_comp/normalize_component/E1_reg[0]/G is not reached by a timing clock
Related violations: <none>

TIMING-20#34 Warning
Non-clocked latch  
The latch adder_substraction_comp/normalize_component/E1_reg[1] cannot be properly analyzed as its control pin adder_substraction_comp/normalize_component/E1_reg[1]/G is not reached by a timing clock
Related violations: <none>

TIMING-20#35 Warning
Non-clocked latch  
The latch adder_substraction_comp/normalize_component/E1_reg[2] cannot be properly analyzed as its control pin adder_substraction_comp/normalize_component/E1_reg[2]/G is not reached by a timing clock
Related violations: <none>

TIMING-20#36 Warning
Non-clocked latch  
The latch adder_substraction_comp/normalize_component/E1_reg[3] cannot be properly analyzed as its control pin adder_substraction_comp/normalize_component/E1_reg[3]/G is not reached by a timing clock
Related violations: <none>

TIMING-20#37 Warning
Non-clocked latch  
The latch adder_substraction_comp/normalize_component/E1_reg[4] cannot be properly analyzed as its control pin adder_substraction_comp/normalize_component/E1_reg[4]/G is not reached by a timing clock
Related violations: <none>

TIMING-20#38 Warning
Non-clocked latch  
The latch adder_substraction_comp/normalize_component/E1_reg[5] cannot be properly analyzed as its control pin adder_substraction_comp/normalize_component/E1_reg[5]/G is not reached by a timing clock
Related violations: <none>

TIMING-20#39 Warning
Non-clocked latch  
The latch adder_substraction_comp/normalize_component/E1_reg[6] cannot be properly analyzed as its control pin adder_substraction_comp/normalize_component/E1_reg[6]/G is not reached by a timing clock
Related violations: <none>

TIMING-20#40 Warning
Non-clocked latch  
The latch adder_substraction_comp/normalize_component/E1_reg[7] cannot be properly analyzed as its control pin adder_substraction_comp/normalize_component/E1_reg[7]/G is not reached by a timing clock
Related violations: <none>

TIMING-20#41 Warning
Non-clocked latch  
The latch adder_substraction_comp/normalize_component/Shift_reg[0] cannot be properly analyzed as its control pin adder_substraction_comp/normalize_component/Shift_reg[0]/G is not reached by a timing clock
Related violations: <none>

TIMING-20#42 Warning
Non-clocked latch  
The latch adder_substraction_comp/normalize_component/Shift_reg[1] cannot be properly analyzed as its control pin adder_substraction_comp/normalize_component/Shift_reg[1]/G is not reached by a timing clock
Related violations: <none>

TIMING-20#43 Warning
Non-clocked latch  
The latch adder_substraction_comp/normalize_component/Shift_reg[2] cannot be properly analyzed as its control pin adder_substraction_comp/normalize_component/Shift_reg[2]/G is not reached by a timing clock
Related violations: <none>

TIMING-20#44 Warning
Non-clocked latch  
The latch adder_substraction_comp/normalize_component/Shift_reg[3] cannot be properly analyzed as its control pin adder_substraction_comp/normalize_component/Shift_reg[3]/G is not reached by a timing clock
Related violations: <none>

TIMING-20#45 Warning
Non-clocked latch  
The latch adder_substraction_comp/normalize_component/Shift_reg[4] cannot be properly analyzed as its control pin adder_substraction_comp/normalize_component/Shift_reg[4]/G is not reached by a timing clock
Related violations: <none>

TIMING-20#46 Warning
Non-clocked latch  
The latch adder_substraction_comp/special_cases_component/SS_reg/L7 (in adder_substraction_comp/special_cases_component/SS_reg macro) cannot be properly analyzed as its control pin adder_substraction_comp/special_cases_component/SS_reg/L7/G is not reached by a timing clock
Related violations: <none>

TIMING-20#47 Warning
Non-clocked latch  
The latch adder_substraction_comp/special_cases_component/expS_reg[0]/L7 (in adder_substraction_comp/special_cases_component/expS_reg[0] macro) cannot be properly analyzed as its control pin adder_substraction_comp/special_cases_component/expS_reg[0]/L7/G is not reached by a timing clock
Related violations: <none>

TIMING-20#48 Warning
Non-clocked latch  
The latch adder_substraction_comp/special_cases_component/expS_reg[1]/L7 (in adder_substraction_comp/special_cases_component/expS_reg[1] macro) cannot be properly analyzed as its control pin adder_substraction_comp/special_cases_component/expS_reg[1]/L7/G is not reached by a timing clock
Related violations: <none>

TIMING-20#49 Warning
Non-clocked latch  
The latch adder_substraction_comp/special_cases_component/expS_reg[2]/L7 (in adder_substraction_comp/special_cases_component/expS_reg[2] macro) cannot be properly analyzed as its control pin adder_substraction_comp/special_cases_component/expS_reg[2]/L7/G is not reached by a timing clock
Related violations: <none>

TIMING-20#50 Warning
Non-clocked latch  
The latch adder_substraction_comp/special_cases_component/expS_reg[3]/L7 (in adder_substraction_comp/special_cases_component/expS_reg[3] macro) cannot be properly analyzed as its control pin adder_substraction_comp/special_cases_component/expS_reg[3]/L7/G is not reached by a timing clock
Related violations: <none>

TIMING-20#51 Warning
Non-clocked latch  
The latch adder_substraction_comp/special_cases_component/expS_reg[4]/L7 (in adder_substraction_comp/special_cases_component/expS_reg[4] macro) cannot be properly analyzed as its control pin adder_substraction_comp/special_cases_component/expS_reg[4]/L7/G is not reached by a timing clock
Related violations: <none>

TIMING-20#52 Warning
Non-clocked latch  
The latch adder_substraction_comp/special_cases_component/expS_reg[5]/L7 (in adder_substraction_comp/special_cases_component/expS_reg[5] macro) cannot be properly analyzed as its control pin adder_substraction_comp/special_cases_component/expS_reg[5]/L7/G is not reached by a timing clock
Related violations: <none>

TIMING-20#53 Warning
Non-clocked latch  
The latch adder_substraction_comp/special_cases_component/expS_reg[6]/L7 (in adder_substraction_comp/special_cases_component/expS_reg[6] macro) cannot be properly analyzed as its control pin adder_substraction_comp/special_cases_component/expS_reg[6]/L7/G is not reached by a timing clock
Related violations: <none>

TIMING-20#54 Warning
Non-clocked latch  
The latch adder_substraction_comp/special_cases_component/expS_reg[7]/L7 (in adder_substraction_comp/special_cases_component/expS_reg[7] macro) cannot be properly analyzed as its control pin adder_substraction_comp/special_cases_component/expS_reg[7]/L7/G is not reached by a timing clock
Related violations: <none>

TIMING-20#55 Warning
Non-clocked latch  
The latch adder_substraction_comp/special_cases_component/mantS_reg[0] cannot be properly analyzed as its control pin adder_substraction_comp/special_cases_component/mantS_reg[0]/G is not reached by a timing clock
Related violations: <none>

TIMING-20#56 Warning
Non-clocked latch  
The latch adder_substraction_comp/special_cases_component/mantS_reg[10] cannot be properly analyzed as its control pin adder_substraction_comp/special_cases_component/mantS_reg[10]/G is not reached by a timing clock
Related violations: <none>

TIMING-20#57 Warning
Non-clocked latch  
The latch adder_substraction_comp/special_cases_component/mantS_reg[11] cannot be properly analyzed as its control pin adder_substraction_comp/special_cases_component/mantS_reg[11]/G is not reached by a timing clock
Related violations: <none>

TIMING-20#58 Warning
Non-clocked latch  
The latch adder_substraction_comp/special_cases_component/mantS_reg[12] cannot be properly analyzed as its control pin adder_substraction_comp/special_cases_component/mantS_reg[12]/G is not reached by a timing clock
Related violations: <none>

TIMING-20#59 Warning
Non-clocked latch  
The latch adder_substraction_comp/special_cases_component/mantS_reg[13] cannot be properly analyzed as its control pin adder_substraction_comp/special_cases_component/mantS_reg[13]/G is not reached by a timing clock
Related violations: <none>

TIMING-20#60 Warning
Non-clocked latch  
The latch adder_substraction_comp/special_cases_component/mantS_reg[14] cannot be properly analyzed as its control pin adder_substraction_comp/special_cases_component/mantS_reg[14]/G is not reached by a timing clock
Related violations: <none>

TIMING-20#61 Warning
Non-clocked latch  
The latch adder_substraction_comp/special_cases_component/mantS_reg[15] cannot be properly analyzed as its control pin adder_substraction_comp/special_cases_component/mantS_reg[15]/G is not reached by a timing clock
Related violations: <none>

TIMING-20#62 Warning
Non-clocked latch  
The latch adder_substraction_comp/special_cases_component/mantS_reg[16] cannot be properly analyzed as its control pin adder_substraction_comp/special_cases_component/mantS_reg[16]/G is not reached by a timing clock
Related violations: <none>

TIMING-20#63 Warning
Non-clocked latch  
The latch adder_substraction_comp/special_cases_component/mantS_reg[17] cannot be properly analyzed as its control pin adder_substraction_comp/special_cases_component/mantS_reg[17]/G is not reached by a timing clock
Related violations: <none>

TIMING-20#64 Warning
Non-clocked latch  
The latch adder_substraction_comp/special_cases_component/mantS_reg[18] cannot be properly analyzed as its control pin adder_substraction_comp/special_cases_component/mantS_reg[18]/G is not reached by a timing clock
Related violations: <none>

TIMING-20#65 Warning
Non-clocked latch  
The latch adder_substraction_comp/special_cases_component/mantS_reg[19] cannot be properly analyzed as its control pin adder_substraction_comp/special_cases_component/mantS_reg[19]/G is not reached by a timing clock
Related violations: <none>

TIMING-20#66 Warning
Non-clocked latch  
The latch adder_substraction_comp/special_cases_component/mantS_reg[1] cannot be properly analyzed as its control pin adder_substraction_comp/special_cases_component/mantS_reg[1]/G is not reached by a timing clock
Related violations: <none>

TIMING-20#67 Warning
Non-clocked latch  
The latch adder_substraction_comp/special_cases_component/mantS_reg[20] cannot be properly analyzed as its control pin adder_substraction_comp/special_cases_component/mantS_reg[20]/G is not reached by a timing clock
Related violations: <none>

TIMING-20#68 Warning
Non-clocked latch  
The latch adder_substraction_comp/special_cases_component/mantS_reg[21] cannot be properly analyzed as its control pin adder_substraction_comp/special_cases_component/mantS_reg[21]/G is not reached by a timing clock
Related violations: <none>

TIMING-20#69 Warning
Non-clocked latch  
The latch adder_substraction_comp/special_cases_component/mantS_reg[22] cannot be properly analyzed as its control pin adder_substraction_comp/special_cases_component/mantS_reg[22]/G is not reached by a timing clock
Related violations: <none>

TIMING-20#70 Warning
Non-clocked latch  
The latch adder_substraction_comp/special_cases_component/mantS_reg[2] cannot be properly analyzed as its control pin adder_substraction_comp/special_cases_component/mantS_reg[2]/G is not reached by a timing clock
Related violations: <none>

TIMING-20#71 Warning
Non-clocked latch  
The latch adder_substraction_comp/special_cases_component/mantS_reg[3] cannot be properly analyzed as its control pin adder_substraction_comp/special_cases_component/mantS_reg[3]/G is not reached by a timing clock
Related violations: <none>

TIMING-20#72 Warning
Non-clocked latch  
The latch adder_substraction_comp/special_cases_component/mantS_reg[4] cannot be properly analyzed as its control pin adder_substraction_comp/special_cases_component/mantS_reg[4]/G is not reached by a timing clock
Related violations: <none>

TIMING-20#73 Warning
Non-clocked latch  
The latch adder_substraction_comp/special_cases_component/mantS_reg[5] cannot be properly analyzed as its control pin adder_substraction_comp/special_cases_component/mantS_reg[5]/G is not reached by a timing clock
Related violations: <none>

TIMING-20#74 Warning
Non-clocked latch  
The latch adder_substraction_comp/special_cases_component/mantS_reg[6] cannot be properly analyzed as its control pin adder_substraction_comp/special_cases_component/mantS_reg[6]/G is not reached by a timing clock
Related violations: <none>

TIMING-20#75 Warning
Non-clocked latch  
The latch adder_substraction_comp/special_cases_component/mantS_reg[7] cannot be properly analyzed as its control pin adder_substraction_comp/special_cases_component/mantS_reg[7]/G is not reached by a timing clock
Related violations: <none>

TIMING-20#76 Warning
Non-clocked latch  
The latch adder_substraction_comp/special_cases_component/mantS_reg[8] cannot be properly analyzed as its control pin adder_substraction_comp/special_cases_component/mantS_reg[8]/G is not reached by a timing clock
Related violations: <none>

TIMING-20#77 Warning
Non-clocked latch  
The latch adder_substraction_comp/special_cases_component/mantS_reg[9] cannot be properly analyzed as its control pin adder_substraction_comp/special_cases_component/mantS_reg[9]/G is not reached by a timing clock
Related violations: <none>

TIMING-20#78 Warning
Non-clocked latch  
The latch adder_substraction_comp/special_cases_component/zeroResult_reg cannot be properly analyzed as its control pin adder_substraction_comp/special_cases_component/zeroResult_reg/G is not reached by a timing clock
Related violations: <none>


