Vivado Simulator 2016.4
Copyright 1986-1999, 2001-2016 Xilinx, Inc. All Rights Reserved.
Running: F:/Install/Xilinx/Vivado/2016.4/bin/unwrapped/win64.o/xelab.exe -wto 88de57ae81884a4c8521964bb48e011c --debug typical --relax --mt 2 -L xil_defaultlib -L secureip --snapshot adder_substraction_test_behav xil_defaultlib.adder_substraction_test -log elaborate.log 
Using 2 slave threads.
Starting static elaboration
WARNING: [VRFC 10-516] comparison between unequal length arrays always returns TRUE [F:/University/UTCluj/An3/Semestrul2/SSC/Proiect/FloatingNumberAdder/FloatingNumberAdder.srcs/sources_1/new/mixed.vhd:84]
Completed static elaboration
Starting simulation data flow analysis
Completed simulation data flow analysis
Time Resolution for simulation is 1ps
Compiling package std.standard
Compiling package std.textio
Compiling package ieee.std_logic_1164
Compiling package ieee.std_logic_arith
Compiling package ieee.std_logic_unsigned
Compiling architecture behavioral of entity xil_defaultlib.Special_cases [special_cases_default]
Compiling architecture behavioral of entity xil_defaultlib.selector [selector_default]
Compiling architecture behavioral of entity xil_defaultlib.demux_numbers_type [demux_numbers_type_default]
Compiling architecture behavioral of entity xil_defaultlib.comp [comp_default]
Compiling architecture behavioral of entity xil_defaultlib.zero_counter [zero_counter_default]
Compiling architecture behavioral of entity xil_defaultlib.MUX [mux_default]
Compiling architecture behavioral of entity xil_defaultlib.shift_left [shift_left_default]
Compiling architecture behavioral of entity xil_defaultlib.mixed [mixed_default]
Compiling architecture behavioral of entity xil_defaultlib.mux_mix_normal [mux_mix_normal_default]
Compiling architecture behavioral of entity xil_defaultlib.subnormals [subnormals_default]
Compiling architecture behavioral of entity xil_defaultlib.comp_exp [comp_exp_default]
Compiling architecture behavioral of entity xil_defaultlib.shift_right [shift_right_default]
Compiling architecture behavioral of entity xil_defaultlib.normals [normals_default]
Compiling architecture behavioral of entity xil_defaultlib.mux_adder [mux_adder_default]
Compiling architecture behavioral of entity xil_defaultlib.preadder [preadder_default]
Compiling architecture behavioral of entity xil_defaultlib.Signout [signout_default]
Compiling architecture behavioral of entity xil_defaultlib.CLA [cla_default]
Compiling architecture behavioral of entity xil_defaultlib.Adder [adder_default]
Compiling architecture behavioral of entity xil_defaultlib.Block_Adder [block_adder_default]
Compiling architecture behavioral of entity xil_defaultlib.Round [round_default]
Compiling architecture behavioral of entity xil_defaultlib.Block_norm [block_norm_default]
Compiling architecture behavioral of entity xil_defaultlib.Vector [vector_default]
Compiling architecture behavioral of entity xil_defaultlib.adder_substraction [adder_substraction_default]
Compiling architecture behavioral of entity xil_defaultlib.adder_substraction_test
Built simulation snapshot adder_substraction_test_behav
